<?xml version="1.0" encoding="UTF-8"?>
<!-- Generated by org.testng.reporters.JUnitReportReporter -->
<testsuite hostname="EC2AMAZ-S11DBRH" failures="0" tests="2" name="parallelScripts.Sampleone" time="0.005" errors="0" timestamp="2023-08-18T05:51:22 GMT" skipped="0">
  <testcase classname="parallelScripts.Sampleone" name="sampletesttwo" time="0.001"/>
  <system-out/>
  <testcase classname="parallelScripts.Sampleone" name="sampletestone" time="0.004"/>
  <system-out/>
</testsuite> <!-- parallelScripts.Sampleone -->
