<?xml version="1.0" encoding="UTF-8"?>
<!-- Generated by org.testng.reporters.JUnitReportReporter -->
<testsuite hostname="EC2AMAZ-S11DBRH" failures="0" tests="1" name="testScripts.SampleTest" time="4.867" errors="0" timestamp="2023-08-17T05:54:14 GMT" skipped="0">
  <testcase classname="testScripts.SampleTest" name="searchCypressTest" time="4.867"/>
  <system-out/>
</testsuite> <!-- testScripts.SampleTest -->
