<?xml version="1.0" encoding="UTF-8"?>
<!-- Generated by org.testng.reporters.JUnitReportReporter -->
<testsuite hostname="EC2AMAZ-S11DBRH" failures="0" tests="2" name="testScripts.GooglePageTest" time="6.334" errors="0" timestamp="2023-08-17T05:54:14 GMT" skipped="0">
  <testcase classname="testScripts.GooglePageTest" name="searchJavaTest" time="4.782"/>
  <system-out/>
  <testcase classname="testScripts.GooglePageTest" name="searchSeleniumTest" time="1.552"/>
  <system-out/>
</testsuite> <!-- testScripts.GooglePageTest -->
