<?xml version="1.0" encoding="UTF-8"?>
<!-- Generated by org.testng.reporters.JUnitReportReporter -->
<testsuite hostname="EC2AMAZ-S11DBRH" failures="0" tests="2" name="parallelScripts.Sampletwo" time="0.026" errors="0" timestamp="2023-08-18T05:51:22 GMT" skipped="0">
  <testcase classname="parallelScripts.Sampletwo" name="sampletestA" time="0.013"/>
  <system-out/>
  <testcase classname="parallelScripts.Sampletwo" name="sampletestB" time="0.013"/>
  <system-out/>
</testsuite> <!-- parallelScripts.Sampletwo -->
