<?xml version="1.0" encoding="UTF-8"?>
<!-- Generated by org.testng.reporters.JUnitReportReporter -->
<testsuite hostname="EC2AMAZ-S11DBRH" failures="0" tests="2" name="testScripts.GooglePageTest" time="10.286" errors="0" timestamp="2023-08-18T06:34:08 GMT" skipped="0">
  <testcase classname="testScripts.GooglePageTest" name="searchSeleniumTest" time="3.372"/>
  <system-out/>
  <testcase classname="testScripts.GooglePageTest" name="searchJavaTest" time="6.914"/>
  <system-out/>
</testsuite> <!-- testScripts.GooglePageTest -->
