<?xml version="1.0" encoding="UTF-8"?>
<!-- Generated by org.testng.reporters.JUnitReportReporter -->
<testsuite hostname="EC2AMAZ-S11DBRH" failures="0" tests="1" name="remoteScripts.HtmlUnitTest" time="4.437" errors="0" timestamp="2023-08-23T07:09:14 GMT" skipped="0">
  <testcase classname="remoteScripts.HtmlUnitTest" name="headlessTest" time="4.437"/>
  <system-out/>
</testsuite> <!-- remoteScripts.HtmlUnitTest -->
