<?xml version="1.0" encoding="UTF-8"?>
<!-- Generated by org.testng.reporters.JUnitReportReporter -->
<testsuite hostname="EC2AMAZ-S11DBRH" failures="0" tests="2" name="parallelScripts.Samplethree" time="0.007" errors="0" timestamp="2023-08-18T05:51:22 GMT" skipped="0">
  <testcase classname="parallelScripts.Samplethree" name="sampletestY" time="0.004"/>
  <system-out/>
  <testcase classname="parallelScripts.Samplethree" name="sampltestZ" time="0.003"/>
  <system-out/>
</testsuite> <!-- parallelScripts.Samplethree -->
